Using pre-set license
Built from '2020.3/staging' branch; Version is '2020.3.26f1 (7298b473bc1a) revision 7510196'; Using compiler version '192528614'; Build Type 'Release'
OS: 'Windows 11  (10.0.22000) 64bit Core' Language: 'en' Physical Memory: 32641 MB
BatchMode: 1, IsHumanControllingUs: 0, StartBugReporterOnCrash: 0, Is64bit: 1, IsPro: 0

COMMAND LINE ARGUMENTS:
D:\2020.3.26f1\Editor\Unity.exe
-adb2
-batchMode
-noUpm
-name
AssetImportWorker0
-projectPath
D:/UnityProjectsCSE-4410/ShmupProject
-logFile
Logs/AssetImportWorker0.log
-srvPort
50672
Successfully changed project path to: D:/UnityProjectsCSE-4410/ShmupProject
D:/UnityProjectsCSE-4410/ShmupProject
Using Asset Import Pipeline V2.
Refreshing native plugins compatible for Editor in 43.04 ms, found 3 plugins.
Preloading 0 native plugins for Editor in 0.00 ms.
Initialize engine version: 2020.3.26f1 (7298b473bc1a)
[Subsystems] Discovering subsystems at path D:/2020.3.26f1/Editor/Data/Resources/UnitySubsystems
[Subsystems] Discovering subsystems at path D:/UnityProjectsCSE-4410/ShmupProject/Assets
GfxDevice: creating device client; threaded=0
Direct3D:
    Version:  Direct3D 11.0 [level 11.1]
    Renderer: NVIDIA GeForce GTX 1660 Ti (ID=0x2182)
    Vendor:   
    VRAM:     5991 MB
    Driver:   30.0.14.7208
Initialize mono
Mono path[0] = 'D:/2020.3.26f1/Editor/Data/Managed'
Mono path[1] = 'D:/2020.3.26f1/Editor/Data/MonoBleedingEdge/lib/mono/unityjit'
Mono config path = 'D:/2020.3.26f1/Editor/Data/MonoBleedingEdge/etc'
Using monoOptions --debugger-agent=transport=dt_socket,embedding=1,server=y,suspend=n,address=127.0.0.1:56828
Begin MonoManager ReloadAssembly
Registering precompiled unity dll's ...
Register platform support module: D:/2020.3.26f1/Editor/Data/PlaybackEngines/WindowsStandaloneSupport/UnityEditor.WindowsStandalone.Extensions.dll
Registered in 0.004149 seconds.
Native extension for WindowsStandalone target not found
Refreshing native plugins compatible for Editor in 44.68 ms, found 3 plugins.
Preloading 0 native plugins for Editor in 0.00 ms.
Mono: successfully reloaded assembly
- Completed reload, in  0.607 seconds
Domain Reload Profiling:
	ReloadAssembly (608ms)
		BeginReloadAssembly (64ms)
			ExecutionOrderSort (0ms)
			DisableScriptedObjects (0ms)
			BackupInstance (0ms)
			ReleaseScriptingObjects (0ms)
			CreateAndSetChildDomain (1ms)
		EndReloadAssembly (464ms)
			LoadAssemblies (60ms)
			RebuildTransferFunctionScriptingTraits (0ms)
			SetupTypeCache (151ms)
			ReleaseScriptCaches (0ms)
			RebuildScriptCaches (32ms)
			SetupLoadedEditorAssemblies (171ms)
				LogAssemblyErrors (0ms)
				InitializePlatformSupportModulesInManaged (4ms)
				SetLoadedEditorAssemblies (0ms)
				RefreshPlugins (45ms)
				BeforeProcessingInitializeOnLoad (15ms)
				ProcessInitializeOnLoadAttributes (76ms)
				ProcessInitializeOnLoadMethodAttributes (30ms)
				AfterProcessingInitializeOnLoad (0ms)
				EditorAssembliesLoaded (0ms)
			ExecutionOrderSort2 (0ms)
			AwakeInstancesAfterBackupRestoration (0ms)
Platform modules already initialized, skipping
Registering precompiled user dll's ...
Registered in 0.006779 seconds.
Begin MonoManager ReloadAssembly
Native extension for WindowsStandalone target not found
Refreshing native plugins compatible for Editor in 37.73 ms, found 3 plugins.
Preloading 0 native plugins for Editor in 0.00 ms.
Mono: successfully reloaded assembly
- Completed reload, in  1.122 seconds
Domain Reload Profiling:
	ReloadAssembly (1123ms)
		BeginReloadAssembly (159ms)
			ExecutionOrderSort (0ms)
			DisableScriptedObjects (5ms)
			BackupInstance (0ms)
			ReleaseScriptingObjects (0ms)
			CreateAndSetChildDomain (18ms)
		EndReloadAssembly (899ms)
			LoadAssemblies (113ms)
			RebuildTransferFunctionScriptingTraits (0ms)
			SetupTypeCache (299ms)
			ReleaseScriptCaches (1ms)
			RebuildScriptCaches (41ms)
			SetupLoadedEditorAssemblies (338ms)
				LogAssemblyErrors (0ms)
				InitializePlatformSupportModulesInManaged (3ms)
				SetLoadedEditorAssemblies (0ms)
				RefreshPlugins (38ms)
				BeforeProcessingInitializeOnLoad (87ms)
				ProcessInitializeOnLoadAttributes (182ms)
				ProcessInitializeOnLoadMethodAttributes (16ms)
				AfterProcessingInitializeOnLoad (12ms)
				EditorAssembliesLoaded (0ms)
			ExecutionOrderSort2 (0ms)
			AwakeInstancesAfterBackupRestoration (5ms)
Platform modules already initialized, skipping
========================================================================
Worker process is ready to serve import requests
Launched and connected shader compiler UnityShaderCompiler.exe after 0.07 seconds
Refreshing native plugins compatible for Editor in 0.40 ms, found 3 plugins.
Preloading 0 native plugins for Editor in 0.00 ms.
Unloading 2197 Unused Serialized files (Serialized files now loaded: 0)
System memory in use before: 95.8 MB.
System memory in use after: 95.9 MB.

Unloading 28 unused Assets to reduce memory usage. Loaded Objects now: 2630.
Total: 2.497600 ms (FindLiveObjects: 0.145200 ms CreateObjectMapping: 0.066600 ms MarkObjects: 2.230100 ms  DeleteObjects: 0.054500 ms)

AssetImportParameters requested are different than current active one (requested -> active):
  custom:framework-win-MediaFoundation: 216162199b28c13a410421893ffa2e32 -> 
  custom:video-decoder-ogg-theora: a1e56fd34408186e4bbccfd4996cb3dc -> 
  custom:container-muxer-webm: aa71ff27fc2769a1b78a27578f13a17b -> 
  custom:container-demuxer-webm: 4f35f7cbe854078d1ac9338744f61a02 -> 
  custom:container-demuxer-ogg: 62fdf1f143b41e24485cea50d1cbac27 -> 
  custom:video-encoder-webm-vp8: eb34c28f22e8b96e1ab97ce403110664 -> 
  custom:video-codec-MediaFoundation-h265: 746d11721c4dcdbdad8f713fa42b33f4 -> 
  custom:video-decoder-webm-vp8: 9c59270c3fd7afecdb556c50c9e8de78 -> 
  custom:audio-decoder-ogg-vorbis: bf7c407c2cedff20999df2af8eb42d56 -> 
  custom:audio-encoder-webm-vorbis: bf7c407c2cedff20999df2af8eb42d56 -> 
========================================================================
Received Import Request.
  path: Assets
  artifactKey: Guid(00000000000000001000000000000000) Importer(815301076,1909f56bfc062723c751e8b465ee728b)
Start importing Assets using Guid(00000000000000001000000000000000) Importer(815301076,1909f56bfc062723c751e8b465ee728b)  -> (artifact id: '42d402b061de3733987d63b9cc3b64de') in 0.009235 seconds 
  Import took 0.022240 seconds .

========================================================================
Received Import Request.
  Time since last request: 3.759806 seconds.
  path: Assets/Prefabs
  artifactKey: Guid(736fc7d45cd6d0f4c9525b374c3ce1b3) Importer(815301076,1909f56bfc062723c751e8b465ee728b)
Start importing Assets/Prefabs using Guid(736fc7d45cd6d0f4c9525b374c3ce1b3) Importer(815301076,1909f56bfc062723c751e8b465ee728b)  -> (artifact id: '9274fbbd88d1a7cc5c4c9b6ca84e0948') in 0.007831 seconds 
  Import took 0.012186 seconds .

========================================================================
Received Import Request.
  Time since last request: 7.576970 seconds.
  path: Assets/Sprites
  artifactKey: Guid(736fc7d45cd6d0f4c9525b374c3ce1b3) Importer(815301076,1909f56bfc062723c751e8b465ee728b)
Start importing Assets/Sprites using Guid(736fc7d45cd6d0f4c9525b374c3ce1b3) Importer(815301076,1909f56bfc062723c751e8b465ee728b)  -> (artifact id: '763450feb4d68ba2fe6079875a3a9a0d') in 0.009863 seconds 
  Import took 0.016921 seconds .

========================================================================
Received Import Request.
  Time since last request: 8.172180 seconds.
  path: Assets/Script
  artifactKey: Guid(47dcc8788fcaf6349936baf80d8b756a) Importer(815301076,1909f56bfc062723c751e8b465ee728b)
Start importing Assets/Script using Guid(47dcc8788fcaf6349936baf80d8b756a) Importer(815301076,1909f56bfc062723c751e8b465ee728b)  -> (artifact id: 'cc287a1f00428516cf6db9c4ba67018f') in 0.006949 seconds 
  Import took 0.030113 seconds .

========================================================================
Received Import Request.
  Time since last request: 13.299933 seconds.
  path: Assets/Animations
  artifactKey: Guid(b5237e5ed4fde1f47b5880d0270c1bc7) Importer(815301076,1909f56bfc062723c751e8b465ee728b)
Start importing Assets/Animations using Guid(b5237e5ed4fde1f47b5880d0270c1bc7) Importer(815301076,1909f56bfc062723c751e8b465ee728b)  -> (artifact id: '0421b878c8086819b722d16796b4d272') in 0.013575 seconds 
  Import took 0.027620 seconds .

========================================================================
Received Import Request.
  Time since last request: 4.841135 seconds.
  path: Assets/Tiles
  artifactKey: Guid(adab4824c00ef854eb5da4da6b2d6d3d) Importer(815301076,1909f56bfc062723c751e8b465ee728b)
Start importing Assets/Tiles using Guid(adab4824c00ef854eb5da4da6b2d6d3d) Importer(815301076,1909f56bfc062723c751e8b465ee728b)  -> (artifact id: 'ba6ddce4da3f9cb89f214bc0ec637de8') in 0.006931 seconds 
  Import took 0.009687 seconds .

========================================================================
Received Import Request.
  Time since last request: 8.564828 seconds.
  path: Assets/Prefabs
  artifactKey: Guid(1238269a32f08e0479afde09bdfdb7ca) Importer(815301076,1909f56bfc062723c751e8b465ee728b)
Start importing Assets/Prefabs using Guid(1238269a32f08e0479afde09bdfdb7ca) Importer(815301076,1909f56bfc062723c751e8b465ee728b)  -> (artifact id: '3f844eb2904e3a654f722bd9a8e567fc') in 0.002831 seconds 
  Import took 0.005656 seconds .

========================================================================
Received Import Request.
  Time since last request: 328.314505 seconds.
  path: Assets/Sprites/Tiles.png
  artifactKey: Guid(3bf9ef2d38a49df4aa2418f8ddc59f4b) Importer(815301076,1909f56bfc062723c751e8b465ee728b)
Start importing Assets/Sprites/Tiles.png using Guid(3bf9ef2d38a49df4aa2418f8ddc59f4b) Importer(815301076,1909f56bfc062723c751e8b465ee728b)  -> (artifact id: 'dfaf034b5357149b15ab7388dd77fbb7') in 0.144926 seconds 
  Import took 0.163551 seconds .

========================================================================
Received Import Request.
  Time since last request: 0.000184 seconds.
  path: Assets/Sprites/TopGunBullet.png
  artifactKey: Guid(66947701a700e7d488de56540fd7029c) Importer(815301076,1909f56bfc062723c751e8b465ee728b)
Start importing Assets/Sprites/TopGunBullet.png using Guid(66947701a700e7d488de56540fd7029c) Importer(815301076,1909f56bfc062723c751e8b465ee728b)  -> (artifact id: '6a8ff457defd03fb2a77e6b4b42bb0f9') in 0.015348 seconds 
  Import took 0.018274 seconds .

========================================================================
Received Import Request.
  Time since last request: 0.000181 seconds.
  path: Assets/Sprites/TopGunBulletPlayer.png
  artifactKey: Guid(d28b60c041c0096419ad6dae8e8c2a3e) Importer(815301076,1909f56bfc062723c751e8b465ee728b)
Start importing Assets/Sprites/TopGunBulletPlayer.png using Guid(d28b60c041c0096419ad6dae8e8c2a3e) Importer(815301076,1909f56bfc062723c751e8b465ee728b)  -> (artifact id: '3bcdca69b4f4a8961e40f0566810c536') in 0.027579 seconds 
  Import took 0.030188 seconds .

========================================================================
Received Import Request.
  Time since last request: 0.000261 seconds.
  path: Assets/Sprites/TopGunMig29.png
  artifactKey: Guid(fcd6349315c212c46b4d97804fa7b828) Importer(815301076,1909f56bfc062723c751e8b465ee728b)
Start importing Assets/Sprites/TopGunMig29.png using Guid(fcd6349315c212c46b4d97804fa7b828) Importer(815301076,1909f56bfc062723c751e8b465ee728b)  -> (artifact id: '3ba86a97c3d53542f2695ea278ab9360') in 0.017113 seconds 
  Import took 0.020036 seconds .

========================================================================
Received Import Request.
  Time since last request: 5.015424 seconds.
  path: Assets/Sprites/explosion.png
  artifactKey: Guid(9e4ab5e3ec9fa024aa50b35c3bd4431c) Importer(815301076,1909f56bfc062723c751e8b465ee728b)
Start importing Assets/Sprites/explosion.png using Guid(9e4ab5e3ec9fa024aa50b35c3bd4431c) Importer(815301076,1909f56bfc062723c751e8b465ee728b)  -> (artifact id: 'fbc9bf45aedf193408baa1670de9d94a') in 0.023932 seconds 
  Import took 0.027717 seconds .

========================================================================
Received Import Request.
  Time since last request: 0.000245 seconds.
  path: Assets/Sprites/mig15.png
  artifactKey: Guid(aba3c0023f6276443a212d0d71d5019b) Importer(815301076,1909f56bfc062723c751e8b465ee728b)
Start importing Assets/Sprites/mig15.png using Guid(aba3c0023f6276443a212d0d71d5019b) Importer(815301076,1909f56bfc062723c751e8b465ee728b)  -> (artifact id: 'f485f9093b73c62df0af1e6ab456115e') in 0.020132 seconds 
  Import took 0.024498 seconds .

========================================================================
Received Import Request.
  Time since last request: 0.000237 seconds.
  path: Assets/Sprites/mig21.png
  artifactKey: Guid(e2f1aa2cf0f04e7429348eb0002e0ded) Importer(815301076,1909f56bfc062723c751e8b465ee728b)
Start importing Assets/Sprites/mig21.png using Guid(e2f1aa2cf0f04e7429348eb0002e0ded) Importer(815301076,1909f56bfc062723c751e8b465ee728b)  -> (artifact id: '53fc0d80f3d6a9e69389ba28fa967c81') in 0.025924 seconds 
  Import took 0.029235 seconds .

========================================================================
Received Import Request.
  Time since last request: 0.000188 seconds.
  path: Assets/Sprites/healthHeart.png
  artifactKey: Guid(8f29fb2f3b1da594ea8e9237d48b34eb) Importer(815301076,1909f56bfc062723c751e8b465ee728b)
Start importing Assets/Sprites/healthHeart.png using Guid(8f29fb2f3b1da594ea8e9237d48b34eb) Importer(815301076,1909f56bfc062723c751e8b465ee728b)  -> (artifact id: '2b1275d537d222c98ae0c889cebb769b') in 0.016104 seconds 
  Import took 0.019143 seconds .

========================================================================
Received Import Request.
  Time since last request: 0.000198 seconds.
  path: Assets/Sprites/f142.png
  artifactKey: Guid(e271db692a5a06446a58fa994ae188a2) Importer(815301076,1909f56bfc062723c751e8b465ee728b)
Start importing Assets/Sprites/f142.png using Guid(e271db692a5a06446a58fa994ae188a2) Importer(815301076,1909f56bfc062723c751e8b465ee728b)  -> (artifact id: '1eac01d783b9815ff88550d440216cfb') in 0.015558 seconds 
  Import took 0.018968 seconds .

========================================================================
Received Import Request.
  Time since last request: 124.701608 seconds.
  path: Assets/Sprites/Tiles.png
  artifactKey: Guid(3bf9ef2d38a49df4aa2418f8ddc59f4b) Importer(815301076,1909f56bfc062723c751e8b465ee728b)
Start importing Assets/Sprites/Tiles.png using Guid(3bf9ef2d38a49df4aa2418f8ddc59f4b) Importer(815301076,1909f56bfc062723c751e8b465ee728b)  -> (artifact id: '34a480d5229322d2505276e473d60105') in 0.015340 seconds 
  Import took 0.020560 seconds .

========================================================================
Received Import Request.
  Time since last request: 121.600214 seconds.
  path: Assets/Sprites/Tiles.png
  artifactKey: Guid(3bf9ef2d38a49df4aa2418f8ddc59f4b) Importer(815301076,1909f56bfc062723c751e8b465ee728b)
Start importing Assets/Sprites/Tiles.png using Guid(3bf9ef2d38a49df4aa2418f8ddc59f4b) Importer(815301076,1909f56bfc062723c751e8b465ee728b)  -> (artifact id: 'bbd50c3ec6b989bd815dd7f73d5b2fce') in 0.021592 seconds 
  Import took 0.025321 seconds .

AssetImportWorkerClient::OnTransportError - code=2 error=End of file
