Using pre-set license
Built from '2020.3/staging' branch; Version is '2020.3.26f1 (7298b473bc1a) revision 7510196'; Using compiler version '192528614'; Build Type 'Release'
OS: 'Windows 10  (10.0.19044) 64bit Core' Language: 'en' Physical Memory: 15716 MB
BatchMode: 1, IsHumanControllingUs: 0, StartBugReporterOnCrash: 0, Is64bit: 1, IsPro: 0

COMMAND LINE ARGUMENTS:
C:\Program Files\Unity\Hub\Editor\2020.3.26f1\Editor\Unity.exe
-adb2
-batchMode
-noUpm
-name
AssetImportWorker0
-projectPath
C:/Users/andre/OneDrive/Documents/GitHub/UnityProjectsCSE-4410/PlatformerProject
-logFile
Logs/AssetImportWorker0.log
-srvPort
56370
Successfully changed project path to: C:/Users/andre/OneDrive/Documents/GitHub/UnityProjectsCSE-4410/PlatformerProject
C:/Users/andre/OneDrive/Documents/GitHub/UnityProjectsCSE-4410/PlatformerProject
Using Asset Import Pipeline V2.
Refreshing native plugins compatible for Editor in 42.25 ms, found 3 plugins.
Preloading 0 native plugins for Editor in 0.00 ms.
Initialize engine version: 2020.3.26f1 (7298b473bc1a)
[Subsystems] Discovering subsystems at path C:/Program Files/Unity/Hub/Editor/2020.3.26f1/Editor/Data/Resources/UnitySubsystems
[Subsystems] Discovering subsystems at path C:/Users/andre/OneDrive/Documents/GitHub/UnityProjectsCSE-4410/PlatformerProject/Assets
GfxDevice: creating device client; threaded=0
Direct3D:
    Version:  Direct3D 11.0 [level 11.1]
    Renderer: AMD Radeon RX 6600M (ID=0x73ff)
    Vendor:   
    VRAM:     7891 MB
    Driver:   27.20.21001.31002
Initialize mono
Mono path[0] = 'C:/Program Files/Unity/Hub/Editor/2020.3.26f1/Editor/Data/Managed'
Mono path[1] = 'C:/Program Files/Unity/Hub/Editor/2020.3.26f1/Editor/Data/MonoBleedingEdge/lib/mono/unityjit'
Mono config path = 'C:/Program Files/Unity/Hub/Editor/2020.3.26f1/Editor/Data/MonoBleedingEdge/etc'
Using monoOptions --debugger-agent=transport=dt_socket,embedding=1,server=y,suspend=n,address=127.0.0.1:56648
Begin MonoManager ReloadAssembly
Registering precompiled unity dll's ...
Register platform support module: C:/Program Files/Unity/Hub/Editor/2020.3.26f1/Editor/Data/PlaybackEngines/WebGLSupport/UnityEditor.WebGL.Extensions.dll
Register platform support module: C:/Program Files/Unity/Hub/Editor/2020.3.26f1/Editor/Data/PlaybackEngines/WindowsStandaloneSupport/UnityEditor.WindowsStandalone.Extensions.dll
Registered in 0.002788 seconds.
Native extension for WindowsStandalone target not found
Native extension for WebGL target not found
Refreshing native plugins compatible for Editor in 42.32 ms, found 3 plugins.
Preloading 0 native plugins for Editor in 0.00 ms.
Mono: successfully reloaded assembly
- Completed reload, in  0.458 seconds
Domain Reload Profiling:
	ReloadAssembly (458ms)
		BeginReloadAssembly (48ms)
			ExecutionOrderSort (0ms)
			DisableScriptedObjects (0ms)
			BackupInstance (0ms)
			ReleaseScriptingObjects (0ms)
			CreateAndSetChildDomain (1ms)
		EndReloadAssembly (351ms)
			LoadAssemblies (45ms)
			RebuildTransferFunctionScriptingTraits (0ms)
			SetupTypeCache (106ms)
			ReleaseScriptCaches (0ms)
			RebuildScriptCaches (20ms)
			SetupLoadedEditorAssemblies (142ms)
				LogAssemblyErrors (0ms)
				InitializePlatformSupportModulesInManaged (5ms)
				SetLoadedEditorAssemblies (0ms)
				RefreshPlugins (42ms)
				BeforeProcessingInitializeOnLoad (8ms)
				ProcessInitializeOnLoadAttributes (65ms)
				ProcessInitializeOnLoadMethodAttributes (22ms)
				AfterProcessingInitializeOnLoad (0ms)
				EditorAssembliesLoaded (0ms)
			ExecutionOrderSort2 (0ms)
			AwakeInstancesAfterBackupRestoration (0ms)
Platform modules already initialized, skipping
Registering precompiled user dll's ...
Registered in 0.007026 seconds.
Begin MonoManager ReloadAssembly
Native extension for WindowsStandalone target not found
Native extension for WebGL target not found
Refreshing native plugins compatible for Editor in 39.83 ms, found 3 plugins.
Preloading 0 native plugins for Editor in 0.00 ms.
Mono: successfully reloaded assembly
- Completed reload, in  0.879 seconds
Domain Reload Profiling:
	ReloadAssembly (880ms)
		BeginReloadAssembly (110ms)
			ExecutionOrderSort (0ms)
			DisableScriptedObjects (4ms)
			BackupInstance (0ms)
			ReleaseScriptingObjects (0ms)
			CreateAndSetChildDomain (17ms)
		EndReloadAssembly (718ms)
			LoadAssemblies (85ms)
			RebuildTransferFunctionScriptingTraits (0ms)
			SetupTypeCache (223ms)
			ReleaseScriptCaches (0ms)
			RebuildScriptCaches (34ms)
			SetupLoadedEditorAssemblies (289ms)
				LogAssemblyErrors (0ms)
				InitializePlatformSupportModulesInManaged (4ms)
				SetLoadedEditorAssemblies (0ms)
				RefreshPlugins (40ms)
				BeforeProcessingInitializeOnLoad (66ms)
				ProcessInitializeOnLoadAttributes (159ms)
				ProcessInitializeOnLoadMethodAttributes (13ms)
				AfterProcessingInitializeOnLoad (7ms)
				EditorAssembliesLoaded (0ms)
			ExecutionOrderSort2 (0ms)
			AwakeInstancesAfterBackupRestoration (5ms)
Platform modules already initialized, skipping
========================================================================
Worker process is ready to serve import requests
Launched and connected shader compiler UnityShaderCompiler.exe after 0.06 seconds
Refreshing native plugins compatible for Editor in 0.50 ms, found 3 plugins.
Preloading 0 native plugins for Editor in 0.00 ms.
Unloading 2239 Unused Serialized files (Serialized files now loaded: 0)
System memory in use before: 97.9 MB.
System memory in use after: 98.0 MB.

Unloading 29 unused Assets to reduce memory usage. Loaded Objects now: 2672.
Total: 2.750800 ms (FindLiveObjects: 0.178500 ms CreateObjectMapping: 0.093400 ms MarkObjects: 2.418700 ms  DeleteObjects: 0.059400 ms)

AssetImportParameters requested are different than current active one (requested -> active):
  custom:framework-win-MediaFoundation: 216162199b28c13a410421893ffa2e32 -> 
  custom:video-decoder-ogg-theora: a1e56fd34408186e4bbccfd4996cb3dc -> 
  custom:container-muxer-webm: aa71ff27fc2769a1b78a27578f13a17b -> 
  custom:container-demuxer-webm: 4f35f7cbe854078d1ac9338744f61a02 -> 
  custom:container-demuxer-ogg: 62fdf1f143b41e24485cea50d1cbac27 -> 
  custom:video-encoder-webm-vp8: eb34c28f22e8b96e1ab97ce403110664 -> 
  custom:video-codec-MediaFoundation-h265: 746d11721c4dcdbdad8f713fa42b33f4 -> 
  custom:video-decoder-webm-vp8: 9c59270c3fd7afecdb556c50c9e8de78 -> 
  custom:audio-decoder-ogg-vorbis: bf7c407c2cedff20999df2af8eb42d56 -> 
  custom:audio-encoder-webm-vorbis: bf7c407c2cedff20999df2af8eb42d56 -> 
========================================================================
Received Import Request.
  path: Assets/Scripts
  artifactKey: Guid(39bc54b916995154caf76d351b060f59) Importer(815301076,1909f56bfc062723c751e8b465ee728b)
Start importing Assets/Scripts using Guid(39bc54b916995154caf76d351b060f59) Importer(815301076,1909f56bfc062723c751e8b465ee728b)  -> (artifact id: '7715d5efc8e2b2140612a9ae9e4d04a2') in 0.008964 seconds 
  Import took 0.013574 seconds .

========================================================================
Received Import Request.
  Time since last request: 3.342342 seconds.
  path: Assets/Scripts/PlyrCtrlr.cs
  artifactKey: Guid(e3af20d78c7ac334fbeec527836b6a4f) Importer(815301076,1909f56bfc062723c751e8b465ee728b)
Start importing Assets/Scripts/PlyrCtrlr.cs using Guid(e3af20d78c7ac334fbeec527836b6a4f) Importer(815301076,1909f56bfc062723c751e8b465ee728b)  -> (artifact id: 'd104dca0d711c7d066288b416c369b59') in 0.023741 seconds 
  Import took 0.028293 seconds .

========================================================================
Received Import Request.
  Time since last request: 114.901126 seconds.
  path: Assets/Scripts/EnCtrlr.cs
  artifactKey: Guid(4b1f4a346dec91c43b1133bbcaf6f232) Importer(815301076,1909f56bfc062723c751e8b465ee728b)
Start importing Assets/Scripts/EnCtrlr.cs using Guid(4b1f4a346dec91c43b1133bbcaf6f232) Importer(815301076,1909f56bfc062723c751e8b465ee728b)  -> (artifact id: '2eb7c98745cd32c1bd3022a325f6e2fd') in 0.014180 seconds 
  Import took 0.025608 seconds .

========================================================================
Received Import Request.
  Time since last request: 33.685568 seconds.
  path: Assets/Scripts/CamCtrlr.cs
  artifactKey: Guid(6a248f7462be5ae418c65d88fab2843c) Importer(815301076,1909f56bfc062723c751e8b465ee728b)
Start importing Assets/Scripts/CamCtrlr.cs using Guid(6a248f7462be5ae418c65d88fab2843c) Importer(815301076,1909f56bfc062723c751e8b465ee728b)  -> (artifact id: 'b6e062fd8b86ec2769768b8c13c32660') in 0.015619 seconds 
  Import took 0.026644 seconds .

========================================================================
Received Import Request.
  Time since last request: 40.568703 seconds.
  path: Assets/Scripts/MelEnCtrlr.cs
  artifactKey: Guid(fc07bef0e7efb9941994870576a3bb37) Importer(815301076,1909f56bfc062723c751e8b465ee728b)
Start importing Assets/Scripts/MelEnCtrlr.cs using Guid(fc07bef0e7efb9941994870576a3bb37) Importer(815301076,1909f56bfc062723c751e8b465ee728b)  -> (artifact id: 'cc3b03d5b757c79f2fbb835b8d7c17d9') in 0.017480 seconds 
  Import took 0.030081 seconds .

========================================================================
Received Import Request.
  Time since last request: 28.693978 seconds.
  path: Assets/Scripts/MelCldr.cs
  artifactKey: Guid(a29cd4e9695754e4383a1dfd5de01b6c) Importer(815301076,1909f56bfc062723c751e8b465ee728b)
Start importing Assets/Scripts/MelCldr.cs using Guid(a29cd4e9695754e4383a1dfd5de01b6c) Importer(815301076,1909f56bfc062723c751e8b465ee728b)  -> (artifact id: '71e8efdd288b102a86c4a23615bdd6de') in 0.016611 seconds 
  Import took 0.026409 seconds .

========================================================================
Received Import Request.
  Time since last request: 60.172701 seconds.
  path: Assets/Scripts/RngdEnCtrlr.cs
  artifactKey: Guid(6f4ce7b55b00ad74da9ec8635d0f1b72) Importer(815301076,1909f56bfc062723c751e8b465ee728b)
Start importing Assets/Scripts/RngdEnCtrlr.cs using Guid(6f4ce7b55b00ad74da9ec8635d0f1b72) Importer(815301076,1909f56bfc062723c751e8b465ee728b)  -> (artifact id: '95befc479ec677a9931a655d50470914') in 0.014296 seconds 
  Import took 0.024428 seconds .

========================================================================
Received Import Request.
  Time since last request: 15.416566 seconds.
  path: Assets/Scripts/bsbllCtrlr.cs
  artifactKey: Guid(8900e0dcbcd9d554fb42325fbba4ea5f) Importer(815301076,1909f56bfc062723c751e8b465ee728b)
Start importing Assets/Scripts/bsbllCtrlr.cs using Guid(8900e0dcbcd9d554fb42325fbba4ea5f) Importer(815301076,1909f56bfc062723c751e8b465ee728b)  -> (artifact id: 'cc40be9ea67171106d1189daa515c963') in 0.016170 seconds 
  Import took 0.028602 seconds .

AssetImportWorkerClient::OnTransportError - code=2 error=End of file
